2023-06-25 13:35:54,912 :INFO :test_standard_login :Username is standard_user
2023-06-25 13:35:55,048 :INFO :test_standard_login :Password is secret_sauce
2023-06-25 13:36:03,227 :INFO :test_standard_login :Username is standard_user
2023-06-25 13:36:03,390 :INFO :test_standard_login :Password is secret_sauce
2023-06-25 13:36:25,143 :INFO :test_standard_login :Username is standard_user
2023-06-25 13:36:25,341 :INFO :test_standard_login :Password is secret_sauce
2023-06-25 13:37:02,139 :INFO :test_standard_login :Username is standard_user
2023-06-25 13:37:02,331 :INFO :test_standard_login :Password is secret_sauce
2023-06-25 14:05:19,783 :INFO :test_standard_login :Username is standard_user
2023-06-25 14:05:19,947 :INFO :test_standard_login :Password is secret_sauce
2023-06-25 14:32:39,462 :INFO :test_standard_login :Username is standard_user
2023-06-25 14:32:39,593 :INFO :test_standard_login :Password is secret_sauce
2023-06-25 14:32:39,868 :INFO :test_standard_login :Login is pass
2023-06-25 14:33:39,675 :INFO :test_standard_login :Username is standard_user
2023-06-25 14:33:39,804 :INFO :test_standard_login :Password is secret_sauce
2023-06-25 14:33:40,173 :ERROR :test_standard_login :Login failed
2023-06-25 14:35:20,953 :INFO :test_standard_login :Username is standard_user
2023-06-25 14:35:21,142 :INFO :test_standard_login :Password is secret_sauce
2023-06-25 14:35:21,495 :INFO :test_standard_login :Login is pass
2023-06-25 14:36:09,290 :INFO :test_standard_login :Username is standard_user
2023-06-25 14:36:09,419 :INFO :test_standard_login :Password is secret_sauce
2023-06-25 14:51:42,836 :INFO :test_standard_login :Username is locked_out_user
2023-06-25 14:51:42,998 :INFO :test_standard_login :Password is secret_sauce
2023-06-25 14:51:43,254 :INFO :test_standard_login :Login is pass
2023-06-25 14:51:45,094 :INFO :test_standard_login :Username is standard_user
2023-06-25 14:51:45,094 :INFO :test_standard_login :Username is standard_user
2023-06-25 14:51:45,260 :INFO :test_standard_login :Password is secret_sauce
2023-06-25 14:51:45,260 :INFO :test_standard_login :Password is secret_sauce
2023-06-25 14:51:45,639 :INFO :test_standard_login :Login is pass
2023-06-25 14:51:45,639 :INFO :test_standard_login :Login is pass
2023-06-25 14:55:30,424 :INFO :test_standard_login :Username is locked_out_user
2023-06-25 14:55:30,549 :INFO :test_standard_login :Password is secret_sauce
2023-06-25 14:55:33,060 :INFO :test_standard_login :Username is problem_user
2023-06-25 14:55:33,060 :INFO :test_standard_login :Username is problem_user
2023-06-25 14:55:33,227 :INFO :test_standard_login :Password is secret_sauce
2023-06-25 14:55:33,227 :INFO :test_standard_login :Password is secret_sauce
2023-06-25 14:55:41,422 :INFO :test_standard_login :Username is standard_user
2023-06-25 14:55:41,422 :INFO :test_standard_login :Username is standard_user
2023-06-25 14:55:41,422 :INFO :test_standard_login :Username is standard_user
2023-06-25 14:55:41,582 :INFO :test_standard_login :Password is secret_sauce
2023-06-25 14:55:41,582 :INFO :test_standard_login :Password is secret_sauce
2023-06-25 14:55:41,582 :INFO :test_standard_login :Password is secret_sauce
2023-06-25 14:55:41,911 :INFO :test_standard_login :Login is pass
2023-06-25 14:55:41,911 :INFO :test_standard_login :Login is pass
2023-06-25 14:55:41,911 :INFO :test_standard_login :Login is pass
2023-06-25 14:56:27,645 :INFO :test_standard_login :Username is locked_out_user
2023-06-25 14:56:27,840 :INFO :test_standard_login :Password is secret_sauce
2023-06-25 14:56:28,161 :INFO :test_standard_login :Login is locked
2023-06-25 14:56:30,241 :INFO :test_standard_login :Username is problem_user
2023-06-25 14:56:30,241 :INFO :test_standard_login :Username is problem_user
2023-06-25 14:56:30,433 :INFO :test_standard_login :Password is secret_sauce
2023-06-25 14:56:30,433 :INFO :test_standard_login :Password is secret_sauce
2023-06-25 14:56:30,742 :INFO :test_standard_login :Login is pass
2023-06-25 14:56:30,742 :INFO :test_standard_login :Login is pass
2023-06-25 14:56:32,750 :INFO :test_standard_login :Username is standard_user
2023-06-25 14:56:32,750 :INFO :test_standard_login :Username is standard_user
2023-06-25 14:56:32,750 :INFO :test_standard_login :Username is standard_user
2023-06-25 14:56:32,904 :INFO :test_standard_login :Password is secret_sauce
2023-06-25 14:56:32,904 :INFO :test_standard_login :Password is secret_sauce
2023-06-25 14:56:32,904 :INFO :test_standard_login :Password is secret_sauce
2023-06-25 14:56:33,231 :INFO :test_standard_login :Login is pass
2023-06-25 14:56:33,231 :INFO :test_standard_login :Login is pass
2023-06-25 14:56:33,231 :INFO :test_standard_login :Login is pass
2023-06-25 15:01:09,821 :INFO :test_standard_login :Username is locked_out_user
2023-06-25 15:01:09,943 :INFO :test_standard_login :Password is secret_sauce
2023-06-25 15:01:10,159 :INFO :test_standard_login :Login is locked
2023-06-25 15:01:12,026 :INFO :test_standard_login :Username is standard_user
2023-06-25 15:01:12,026 :INFO :test_standard_login :Username is standard_user
2023-06-25 15:01:12,184 :INFO :test_standard_login :Password is secret_sauce
2023-06-25 15:01:12,184 :INFO :test_standard_login :Password is secret_sauce
2023-06-25 15:01:12,546 :INFO :test_standard_login :Login is pass
2023-06-25 15:01:12,546 :INFO :test_standard_login :Login is pass
2023-06-25 15:01:14,674 :INFO :test_standard_login :Username is problem_user
2023-06-25 15:01:14,674 :INFO :test_standard_login :Username is problem_user
2023-06-25 15:01:14,674 :INFO :test_standard_login :Username is problem_user
2023-06-25 15:01:14,870 :INFO :test_standard_login :Password is secret_sauce
2023-06-25 15:01:14,870 :INFO :test_standard_login :Password is secret_sauce
2023-06-25 15:01:14,870 :INFO :test_standard_login :Password is secret_sauce
2023-06-25 15:01:15,224 :INFO :test_standard_login :Login is pass
2023-06-25 15:01:15,224 :INFO :test_standard_login :Login is pass
2023-06-25 15:01:15,224 :INFO :test_standard_login :Login is pass
2023-06-25 15:01:17,241 :INFO :test_standard_login :Username is standard_user
2023-06-25 15:01:17,241 :INFO :test_standard_login :Username is standard_user
2023-06-25 15:01:17,241 :INFO :test_standard_login :Username is standard_user
2023-06-25 15:01:17,241 :INFO :test_standard_login :Username is standard_user
2023-06-25 15:01:17,418 :INFO :test_standard_login :Password is secret_sauce
2023-06-25 15:01:17,418 :INFO :test_standard_login :Password is secret_sauce
2023-06-25 15:01:17,418 :INFO :test_standard_login :Password is secret_sauce
2023-06-25 15:01:17,418 :INFO :test_standard_login :Password is secret_sauce
2023-06-25 15:01:17,729 :INFO :test_standard_login :Login is pass
2023-06-25 15:01:17,729 :INFO :test_standard_login :Login is pass
2023-06-25 15:01:17,729 :INFO :test_standard_login :Login is pass
2023-06-25 15:01:17,729 :INFO :test_standard_login :Login is pass
2023-06-25 15:05:45,496 :INFO :test_standard_login :Username is incorrect
2023-06-25 15:05:45,637 :INFO :test_standard_login :Password is secret_sauce
2023-06-25 15:05:45,877 :INFO :test_standard_login :Login is locked
2023-06-25 15:05:47,999 :INFO :test_standard_login :Username is incorrect
2023-06-25 15:05:47,999 :INFO :test_standard_login :Username is incorrect
2023-06-25 15:05:48,172 :INFO :test_standard_login :Password is secret_sauce
2023-06-25 15:05:48,172 :INFO :test_standard_login :Password is secret_sauce
2023-06-25 15:05:48,464 :INFO :test_standard_login :Login is locked
2023-06-25 15:05:48,464 :INFO :test_standard_login :Login is locked
2023-06-25 15:05:50,335 :INFO :test_standard_login :Username is locked_out_user
2023-06-25 15:05:50,335 :INFO :test_standard_login :Username is locked_out_user
2023-06-25 15:05:50,335 :INFO :test_standard_login :Username is locked_out_user
2023-06-25 15:05:50,524 :INFO :test_standard_login :Password is secret_sauce
2023-06-25 15:05:50,524 :INFO :test_standard_login :Password is secret_sauce
2023-06-25 15:05:50,524 :INFO :test_standard_login :Password is secret_sauce
2023-06-25 15:05:50,880 :INFO :test_standard_login :Login is locked
2023-06-25 15:05:50,880 :INFO :test_standard_login :Login is locked
2023-06-25 15:05:50,880 :INFO :test_standard_login :Login is locked
2023-06-25 15:05:52,876 :INFO :test_standard_login :Username is standard_user
2023-06-25 15:05:52,876 :INFO :test_standard_login :Username is standard_user
2023-06-25 15:05:52,876 :INFO :test_standard_login :Username is standard_user
2023-06-25 15:05:52,876 :INFO :test_standard_login :Username is standard_user
2023-06-25 15:05:53,067 :INFO :test_standard_login :Password is secret_sauce
2023-06-25 15:05:53,067 :INFO :test_standard_login :Password is secret_sauce
2023-06-25 15:05:53,067 :INFO :test_standard_login :Password is secret_sauce
2023-06-25 15:05:53,067 :INFO :test_standard_login :Password is secret_sauce
2023-06-25 15:05:53,447 :INFO :test_standard_login :Login is pass
2023-06-25 15:05:53,447 :INFO :test_standard_login :Login is pass
2023-06-25 15:05:53,447 :INFO :test_standard_login :Login is pass
2023-06-25 15:05:53,447 :INFO :test_standard_login :Login is pass
2023-06-25 15:05:55,400 :INFO :test_standard_login :Username is problem_user
2023-06-25 15:05:55,400 :INFO :test_standard_login :Username is problem_user
2023-06-25 15:05:55,400 :INFO :test_standard_login :Username is problem_user
2023-06-25 15:05:55,400 :INFO :test_standard_login :Username is problem_user
2023-06-25 15:05:55,400 :INFO :test_standard_login :Username is problem_user
2023-06-25 15:05:55,550 :INFO :test_standard_login :Password is secret_sauce
2023-06-25 15:05:55,550 :INFO :test_standard_login :Password is secret_sauce
2023-06-25 15:05:55,550 :INFO :test_standard_login :Password is secret_sauce
2023-06-25 15:05:55,550 :INFO :test_standard_login :Password is secret_sauce
2023-06-25 15:05:55,550 :INFO :test_standard_login :Password is secret_sauce
2023-06-25 15:05:55,862 :INFO :test_standard_login :Login is pass
2023-06-25 15:05:55,862 :INFO :test_standard_login :Login is pass
2023-06-25 15:05:55,862 :INFO :test_standard_login :Login is pass
2023-06-25 15:05:55,862 :INFO :test_standard_login :Login is pass
2023-06-25 15:05:55,862 :INFO :test_standard_login :Login is pass
2023-06-25 15:05:57,758 :INFO :test_standard_login :Username is standard_user
2023-06-25 15:05:57,758 :INFO :test_standard_login :Username is standard_user
2023-06-25 15:05:57,758 :INFO :test_standard_login :Username is standard_user
2023-06-25 15:05:57,758 :INFO :test_standard_login :Username is standard_user
2023-06-25 15:05:57,758 :INFO :test_standard_login :Username is standard_user
2023-06-25 15:05:57,758 :INFO :test_standard_login :Username is standard_user
2023-06-25 15:05:57,911 :INFO :test_standard_login :Password is secret_sauce
2023-06-25 15:05:57,911 :INFO :test_standard_login :Password is secret_sauce
2023-06-25 15:05:57,911 :INFO :test_standard_login :Password is secret_sauce
2023-06-25 15:05:57,911 :INFO :test_standard_login :Password is secret_sauce
2023-06-25 15:05:57,911 :INFO :test_standard_login :Password is secret_sauce
2023-06-25 15:05:57,911 :INFO :test_standard_login :Password is secret_sauce
2023-06-25 15:05:58,226 :INFO :test_standard_login :Login is pass
2023-06-25 15:05:58,226 :INFO :test_standard_login :Login is pass
2023-06-25 15:05:58,226 :INFO :test_standard_login :Login is pass
2023-06-25 15:05:58,226 :INFO :test_standard_login :Login is pass
2023-06-25 15:05:58,226 :INFO :test_standard_login :Login is pass
2023-06-25 15:05:58,226 :INFO :test_standard_login :Login is pass
2023-06-25 15:21:12,716 :INFO :test_standard_login :Username is incorrect
2023-06-25 15:21:12,945 :INFO :test_standard_login :Password is secret_sauce
2023-06-25 15:21:13,232 :INFO :test_standard_login :Login is locked
2023-06-25 15:21:15,295 :INFO :test_standard_login :Username is incorrect
2023-06-25 15:21:15,295 :INFO :test_standard_login :Username is incorrect
2023-06-25 15:21:15,480 :INFO :test_standard_login :Password is secret_sauce
2023-06-25 15:21:15,480 :INFO :test_standard_login :Password is secret_sauce
2023-06-25 15:21:15,756 :INFO :test_standard_login :Login is locked
2023-06-25 15:21:15,756 :INFO :test_standard_login :Login is locked
2023-06-25 15:21:17,784 :INFO :test_standard_login :Username is locked_out_user
2023-06-25 15:21:17,784 :INFO :test_standard_login :Username is locked_out_user
2023-06-25 15:21:17,784 :INFO :test_standard_login :Username is locked_out_user
2023-06-25 15:21:18,008 :INFO :test_standard_login :Password is secret_sauce
2023-06-25 15:21:18,008 :INFO :test_standard_login :Password is secret_sauce
2023-06-25 15:21:18,008 :INFO :test_standard_login :Password is secret_sauce
2023-06-25 15:21:18,366 :INFO :test_standard_login :Login is locked
2023-06-25 15:21:18,366 :INFO :test_standard_login :Login is locked
2023-06-25 15:21:18,366 :INFO :test_standard_login :Login is locked
2023-06-25 15:21:20,482 :INFO :test_standard_login :Username is standard_user
2023-06-25 15:21:20,482 :INFO :test_standard_login :Username is standard_user
2023-06-25 15:21:20,482 :INFO :test_standard_login :Username is standard_user
2023-06-25 15:21:20,482 :INFO :test_standard_login :Username is standard_user
2023-06-25 15:21:20,687 :INFO :test_standard_login :Password is secret_sauce
2023-06-25 15:21:20,687 :INFO :test_standard_login :Password is secret_sauce
2023-06-25 15:21:20,687 :INFO :test_standard_login :Password is secret_sauce
2023-06-25 15:21:20,687 :INFO :test_standard_login :Password is secret_sauce
2023-06-25 15:21:21,079 :INFO :test_standard_login :Login is pass
2023-06-25 15:21:21,079 :INFO :test_standard_login :Login is pass
2023-06-25 15:21:21,079 :INFO :test_standard_login :Login is pass
2023-06-25 15:21:21,079 :INFO :test_standard_login :Login is pass
2023-06-25 15:21:23,046 :INFO :test_standard_login :Username is problem_user
2023-06-25 15:21:23,046 :INFO :test_standard_login :Username is problem_user
2023-06-25 15:21:23,046 :INFO :test_standard_login :Username is problem_user
2023-06-25 15:21:23,046 :INFO :test_standard_login :Username is problem_user
2023-06-25 15:21:23,046 :INFO :test_standard_login :Username is problem_user
2023-06-25 15:21:23,201 :INFO :test_standard_login :Password is secret_sauce
2023-06-25 15:21:23,201 :INFO :test_standard_login :Password is secret_sauce
2023-06-25 15:21:23,201 :INFO :test_standard_login :Password is secret_sauce
2023-06-25 15:21:23,201 :INFO :test_standard_login :Password is secret_sauce
2023-06-25 15:21:23,201 :INFO :test_standard_login :Password is secret_sauce
2023-06-25 15:21:23,501 :INFO :test_standard_login :Login is pass
2023-06-25 15:21:23,501 :INFO :test_standard_login :Login is pass
2023-06-25 15:21:23,501 :INFO :test_standard_login :Login is pass
2023-06-25 15:21:23,501 :INFO :test_standard_login :Login is pass
2023-06-25 15:21:23,501 :INFO :test_standard_login :Login is pass
2023-06-25 15:21:25,649 :INFO :test_standard_login :Username is standard_user
2023-06-25 15:21:25,649 :INFO :test_standard_login :Username is standard_user
2023-06-25 15:21:25,649 :INFO :test_standard_login :Username is standard_user
2023-06-25 15:21:25,649 :INFO :test_standard_login :Username is standard_user
2023-06-25 15:21:25,649 :INFO :test_standard_login :Username is standard_user
2023-06-25 15:21:25,649 :INFO :test_standard_login :Username is standard_user
2023-06-25 15:21:25,849 :INFO :test_standard_login :Password is secret_sauce
2023-06-25 15:21:25,849 :INFO :test_standard_login :Password is secret_sauce
2023-06-25 15:21:25,849 :INFO :test_standard_login :Password is secret_sauce
2023-06-25 15:21:25,849 :INFO :test_standard_login :Password is secret_sauce
2023-06-25 15:21:25,849 :INFO :test_standard_login :Password is secret_sauce
2023-06-25 15:21:25,849 :INFO :test_standard_login :Password is secret_sauce
2023-06-25 15:21:26,232 :INFO :test_standard_login :Login is pass
2023-06-25 15:21:26,232 :INFO :test_standard_login :Login is pass
2023-06-25 15:21:26,232 :INFO :test_standard_login :Login is pass
2023-06-25 15:21:26,232 :INFO :test_standard_login :Login is pass
2023-06-25 15:21:26,232 :INFO :test_standard_login :Login is pass
2023-06-25 15:21:26,232 :INFO :test_standard_login :Login is pass
2023-06-25 15:21:54,191 :INFO :test_standard_login :Username is incorrect
2023-06-25 15:21:54,361 :INFO :test_standard_login :Password is secret_sauce
2023-06-25 15:21:54,683 :INFO :test_standard_login :Login is locked
2023-06-25 15:21:56,327 :INFO :test_standard_login :Username is incorrect
2023-06-25 15:21:56,327 :INFO :test_standard_login :Username is incorrect
2023-06-25 15:21:56,522 :INFO :test_standard_login :Password is secret_sauce
2023-06-25 15:21:56,522 :INFO :test_standard_login :Password is secret_sauce
2023-06-25 15:21:56,828 :INFO :test_standard_login :Login is locked
2023-06-25 15:21:56,828 :INFO :test_standard_login :Login is locked
2023-06-25 15:21:58,354 :INFO :test_standard_login :Username is locked_out_user
2023-06-25 15:21:58,354 :INFO :test_standard_login :Username is locked_out_user
2023-06-25 15:21:58,354 :INFO :test_standard_login :Username is locked_out_user
2023-06-25 15:21:58,517 :INFO :test_standard_login :Password is secret_sauce
2023-06-25 15:21:58,517 :INFO :test_standard_login :Password is secret_sauce
2023-06-25 15:21:58,517 :INFO :test_standard_login :Password is secret_sauce
2023-06-25 15:21:58,803 :INFO :test_standard_login :Login is locked
2023-06-25 15:21:58,803 :INFO :test_standard_login :Login is locked
2023-06-25 15:21:58,803 :INFO :test_standard_login :Login is locked
2023-06-25 15:22:00,339 :INFO :test_standard_login :Username is standard_user
2023-06-25 15:22:00,339 :INFO :test_standard_login :Username is standard_user
2023-06-25 15:22:00,339 :INFO :test_standard_login :Username is standard_user
2023-06-25 15:22:00,339 :INFO :test_standard_login :Username is standard_user
2023-06-25 15:22:00,429 :INFO :test_standard_login :Password is secret_sauce
2023-06-25 15:22:00,429 :INFO :test_standard_login :Password is secret_sauce
2023-06-25 15:22:00,429 :INFO :test_standard_login :Password is secret_sauce
2023-06-25 15:22:00,429 :INFO :test_standard_login :Password is secret_sauce
2023-06-25 15:22:00,723 :INFO :test_standard_login :Login is pass
2023-06-25 15:22:00,723 :INFO :test_standard_login :Login is pass
2023-06-25 15:22:00,723 :INFO :test_standard_login :Login is pass
2023-06-25 15:22:00,723 :INFO :test_standard_login :Login is pass
2023-06-25 15:22:02,174 :INFO :test_standard_login :Username is problem_user
2023-06-25 15:22:02,174 :INFO :test_standard_login :Username is problem_user
2023-06-25 15:22:02,174 :INFO :test_standard_login :Username is problem_user
2023-06-25 15:22:02,174 :INFO :test_standard_login :Username is problem_user
2023-06-25 15:22:02,174 :INFO :test_standard_login :Username is problem_user
2023-06-25 15:22:02,372 :INFO :test_standard_login :Password is secret_sauce
2023-06-25 15:22:02,372 :INFO :test_standard_login :Password is secret_sauce
2023-06-25 15:22:02,372 :INFO :test_standard_login :Password is secret_sauce
2023-06-25 15:22:02,372 :INFO :test_standard_login :Password is secret_sauce
2023-06-25 15:22:02,372 :INFO :test_standard_login :Password is secret_sauce
2023-06-25 15:22:02,725 :INFO :test_standard_login :Login is pass
2023-06-25 15:22:02,725 :INFO :test_standard_login :Login is pass
2023-06-25 15:22:02,725 :INFO :test_standard_login :Login is pass
2023-06-25 15:22:02,725 :INFO :test_standard_login :Login is pass
2023-06-25 15:22:02,725 :INFO :test_standard_login :Login is pass
2023-06-25 15:22:04,276 :INFO :test_standard_login :Username is standard_user
2023-06-25 15:22:04,276 :INFO :test_standard_login :Username is standard_user
2023-06-25 15:22:04,276 :INFO :test_standard_login :Username is standard_user
2023-06-25 15:22:04,276 :INFO :test_standard_login :Username is standard_user
2023-06-25 15:22:04,276 :INFO :test_standard_login :Username is standard_user
2023-06-25 15:22:04,276 :INFO :test_standard_login :Username is standard_user
2023-06-25 15:22:04,365 :INFO :test_standard_login :Password is secret_sauce
2023-06-25 15:22:04,365 :INFO :test_standard_login :Password is secret_sauce
2023-06-25 15:22:04,365 :INFO :test_standard_login :Password is secret_sauce
2023-06-25 15:22:04,365 :INFO :test_standard_login :Password is secret_sauce
2023-06-25 15:22:04,365 :INFO :test_standard_login :Password is secret_sauce
2023-06-25 15:22:04,365 :INFO :test_standard_login :Password is secret_sauce
2023-06-25 15:22:04,565 :INFO :test_standard_login :Login is pass
2023-06-25 15:22:04,565 :INFO :test_standard_login :Login is pass
2023-06-25 15:22:04,565 :INFO :test_standard_login :Login is pass
2023-06-25 15:22:04,565 :INFO :test_standard_login :Login is pass
2023-06-25 15:22:04,565 :INFO :test_standard_login :Login is pass
2023-06-25 15:22:04,565 :INFO :test_standard_login :Login is pass
2023-06-25 15:22:42,755 :INFO :test_standard_login :Username is incorrect
2023-06-25 15:22:42,899 :INFO :test_standard_login :Password is secret_sauce
2023-06-25 15:22:43,157 :INFO :test_standard_login :Login is locked
2023-06-25 15:22:45,272 :INFO :test_standard_login :Username is incorrect
2023-06-25 15:22:45,272 :INFO :test_standard_login :Username is incorrect
2023-06-25 15:22:45,491 :INFO :test_standard_login :Password is secret_sauce
2023-06-25 15:22:45,491 :INFO :test_standard_login :Password is secret_sauce
2023-06-25 15:22:45,798 :INFO :test_standard_login :Login is locked
2023-06-25 15:22:45,798 :INFO :test_standard_login :Login is locked
2023-06-25 15:22:47,886 :INFO :test_standard_login :Username is locked_out_user
2023-06-25 15:22:47,886 :INFO :test_standard_login :Username is locked_out_user
2023-06-25 15:22:47,886 :INFO :test_standard_login :Username is locked_out_user
2023-06-25 15:22:48,040 :INFO :test_standard_login :Password is secret_sauce
2023-06-25 15:22:48,040 :INFO :test_standard_login :Password is secret_sauce
2023-06-25 15:22:48,040 :INFO :test_standard_login :Password is secret_sauce
2023-06-25 15:22:48,312 :INFO :test_standard_login :Login is locked
2023-06-25 15:22:48,312 :INFO :test_standard_login :Login is locked
2023-06-25 15:22:48,312 :INFO :test_standard_login :Login is locked
2023-07-02 15:35:57,682 :INFO :test_price :Username is standard_user
2023-07-02 15:35:57,796 :INFO :test_price :Password is secret_sauce
2023-07-02 15:35:58,022 :INFO :test_price :Login is pass
2023-07-02 15:35:59,756 :INFO :test_standard_login :Username is incorrect
2023-07-02 15:35:59,866 :INFO :test_standard_login :Password is secret_sauce
2023-07-02 15:36:00,117 :INFO :test_standard_login :Login is locked
2023-07-02 15:36:01,974 :INFO :test_standard_login :Username is incorrect
2023-07-02 15:36:01,974 :INFO :test_standard_login :Username is incorrect
2023-07-02 15:36:02,090 :INFO :test_standard_login :Password is secret_sauce
2023-07-02 15:36:02,090 :INFO :test_standard_login :Password is secret_sauce
2023-07-02 15:36:02,290 :INFO :test_standard_login :Login is locked
2023-07-02 15:36:02,290 :INFO :test_standard_login :Login is locked
2023-07-02 15:36:04,071 :INFO :test_standard_login :Username is locked_out_user
2023-07-02 15:36:04,071 :INFO :test_standard_login :Username is locked_out_user
2023-07-02 15:36:04,071 :INFO :test_standard_login :Username is locked_out_user
2023-07-02 15:36:04,191 :INFO :test_standard_login :Password is secret_sauce
2023-07-02 15:36:04,191 :INFO :test_standard_login :Password is secret_sauce
2023-07-02 15:36:04,191 :INFO :test_standard_login :Password is secret_sauce
2023-07-02 15:36:04,381 :INFO :test_standard_login :Login is locked
2023-07-02 15:36:04,381 :INFO :test_standard_login :Login is locked
2023-07-02 15:36:04,381 :INFO :test_standard_login :Login is locked
2023-07-02 15:36:06,431 :INFO :test_standard_login :Username is standard_user
2023-07-02 15:36:06,431 :INFO :test_standard_login :Username is standard_user
2023-07-02 15:36:06,431 :INFO :test_standard_login :Username is standard_user
2023-07-02 15:36:06,431 :INFO :test_standard_login :Username is standard_user
2023-07-02 15:36:06,591 :INFO :test_standard_login :Password is secret_sauce
2023-07-02 15:36:06,591 :INFO :test_standard_login :Password is secret_sauce
2023-07-02 15:36:06,591 :INFO :test_standard_login :Password is secret_sauce
2023-07-02 15:36:06,591 :INFO :test_standard_login :Password is secret_sauce
2023-07-02 15:36:06,784 :INFO :test_standard_login :Login is pass
2023-07-02 15:36:06,784 :INFO :test_standard_login :Login is pass
2023-07-02 15:36:06,784 :INFO :test_standard_login :Login is pass
2023-07-02 15:36:06,784 :INFO :test_standard_login :Login is pass
2023-07-02 15:36:09,743 :INFO :test_standard_login :Username is problem_user
2023-07-02 15:36:09,743 :INFO :test_standard_login :Username is problem_user
2023-07-02 15:36:09,743 :INFO :test_standard_login :Username is problem_user
2023-07-02 15:36:09,743 :INFO :test_standard_login :Username is problem_user
2023-07-02 15:36:09,743 :INFO :test_standard_login :Username is problem_user
2023-07-02 15:36:09,871 :INFO :test_standard_login :Password is secret_sauce
2023-07-02 15:36:09,871 :INFO :test_standard_login :Password is secret_sauce
2023-07-02 15:36:09,871 :INFO :test_standard_login :Password is secret_sauce
2023-07-02 15:36:09,871 :INFO :test_standard_login :Password is secret_sauce
2023-07-02 15:36:09,871 :INFO :test_standard_login :Password is secret_sauce
2023-07-02 15:36:10,064 :INFO :test_standard_login :Login is pass
2023-07-02 15:36:10,064 :INFO :test_standard_login :Login is pass
2023-07-02 15:36:10,064 :INFO :test_standard_login :Login is pass
2023-07-02 15:36:10,064 :INFO :test_standard_login :Login is pass
2023-07-02 15:36:10,064 :INFO :test_standard_login :Login is pass
2023-07-02 15:36:11,857 :INFO :test_standard_login :Username is standard_user
2023-07-02 15:36:11,857 :INFO :test_standard_login :Username is standard_user
2023-07-02 15:36:11,857 :INFO :test_standard_login :Username is standard_user
2023-07-02 15:36:11,857 :INFO :test_standard_login :Username is standard_user
2023-07-02 15:36:11,857 :INFO :test_standard_login :Username is standard_user
2023-07-02 15:36:11,857 :INFO :test_standard_login :Username is standard_user
2023-07-02 15:36:11,973 :INFO :test_standard_login :Password is secret_sauce
2023-07-02 15:36:11,973 :INFO :test_standard_login :Password is secret_sauce
2023-07-02 15:36:11,973 :INFO :test_standard_login :Password is secret_sauce
2023-07-02 15:36:11,973 :INFO :test_standard_login :Password is secret_sauce
2023-07-02 15:36:11,973 :INFO :test_standard_login :Password is secret_sauce
2023-07-02 15:36:11,973 :INFO :test_standard_login :Password is secret_sauce
2023-07-02 15:36:12,197 :INFO :test_standard_login :Login is pass
2023-07-02 15:36:12,197 :INFO :test_standard_login :Login is pass
2023-07-02 15:36:12,197 :INFO :test_standard_login :Login is pass
2023-07-02 15:36:12,197 :INFO :test_standard_login :Login is pass
2023-07-02 15:36:12,197 :INFO :test_standard_login :Login is pass
2023-07-02 15:36:12,197 :INFO :test_standard_login :Login is pass
2023-07-02 15:37:53,203 :INFO :test_standard_login :Username is standard_user
2023-07-02 15:37:53,312 :INFO :test_standard_login :Password is secret_sauce
2023-07-02 15:37:53,541 :INFO :test_standard_login :Login is pass
2023-07-02 19:50:29,460 :INFO :test_standard_login :Username is incorrect
2023-07-02 19:50:29,548 :INFO :test_standard_login :Password is secret_sauce
2023-07-02 19:50:29,709 :INFO :test_standard_login :Login is locked
2023-07-02 19:50:31,286 :INFO :test_standard_login :Username is incorrect
2023-07-02 19:50:31,286 :INFO :test_standard_login :Username is incorrect
2023-07-02 19:50:31,380 :INFO :test_standard_login :Password is secret_sauce
2023-07-02 19:50:31,380 :INFO :test_standard_login :Password is secret_sauce
2023-07-02 19:50:31,532 :INFO :test_standard_login :Login is locked
2023-07-02 19:50:31,532 :INFO :test_standard_login :Login is locked
2023-07-02 19:50:32,965 :INFO :test_standard_login :Username is locked_out_user
2023-07-02 19:50:32,965 :INFO :test_standard_login :Username is locked_out_user
2023-07-02 19:50:32,965 :INFO :test_standard_login :Username is locked_out_user
2023-07-02 19:50:33,056 :INFO :test_standard_login :Password is secret_sauce
2023-07-02 19:50:33,056 :INFO :test_standard_login :Password is secret_sauce
2023-07-02 19:50:33,056 :INFO :test_standard_login :Password is secret_sauce
2023-07-02 19:50:33,216 :INFO :test_standard_login :Login is locked
2023-07-02 19:50:33,216 :INFO :test_standard_login :Login is locked
2023-07-02 19:50:33,216 :INFO :test_standard_login :Login is locked
2023-07-02 19:50:34,649 :INFO :test_standard_login :Username is standard_user
2023-07-02 19:50:34,649 :INFO :test_standard_login :Username is standard_user
2023-07-02 19:50:34,649 :INFO :test_standard_login :Username is standard_user
2023-07-02 19:50:34,649 :INFO :test_standard_login :Username is standard_user
2023-07-02 19:50:34,738 :INFO :test_standard_login :Password is secret_sauce
2023-07-02 19:50:34,738 :INFO :test_standard_login :Password is secret_sauce
2023-07-02 19:50:34,738 :INFO :test_standard_login :Password is secret_sauce
2023-07-02 19:50:34,738 :INFO :test_standard_login :Password is secret_sauce
2023-07-02 19:50:34,932 :INFO :test_standard_login :Login is pass
2023-07-02 19:50:34,932 :INFO :test_standard_login :Login is pass
2023-07-02 19:50:34,932 :INFO :test_standard_login :Login is pass
2023-07-02 19:50:34,932 :INFO :test_standard_login :Login is pass
2023-07-02 19:50:36,459 :INFO :test_standard_login :Username is problem_user
2023-07-02 19:50:36,459 :INFO :test_standard_login :Username is problem_user
2023-07-02 19:50:36,459 :INFO :test_standard_login :Username is problem_user
2023-07-02 19:50:36,459 :INFO :test_standard_login :Username is problem_user
2023-07-02 19:50:36,459 :INFO :test_standard_login :Username is problem_user
2023-07-02 19:50:36,562 :INFO :test_standard_login :Password is secret_sauce
2023-07-02 19:50:36,562 :INFO :test_standard_login :Password is secret_sauce
2023-07-02 19:50:36,562 :INFO :test_standard_login :Password is secret_sauce
2023-07-02 19:50:36,562 :INFO :test_standard_login :Password is secret_sauce
2023-07-02 19:50:36,562 :INFO :test_standard_login :Password is secret_sauce
2023-07-02 19:50:36,738 :INFO :test_standard_login :Login is pass
2023-07-02 19:50:36,738 :INFO :test_standard_login :Login is pass
2023-07-02 19:50:36,738 :INFO :test_standard_login :Login is pass
2023-07-02 19:50:36,738 :INFO :test_standard_login :Login is pass
2023-07-02 19:50:36,738 :INFO :test_standard_login :Login is pass
2023-07-02 19:50:38,215 :INFO :test_standard_login :Username is standard_user
2023-07-02 19:50:38,215 :INFO :test_standard_login :Username is standard_user
2023-07-02 19:50:38,215 :INFO :test_standard_login :Username is standard_user
2023-07-02 19:50:38,215 :INFO :test_standard_login :Username is standard_user
2023-07-02 19:50:38,215 :INFO :test_standard_login :Username is standard_user
2023-07-02 19:50:38,215 :INFO :test_standard_login :Username is standard_user
2023-07-02 19:50:38,307 :INFO :test_standard_login :Password is secret_sauce
2023-07-02 19:50:38,307 :INFO :test_standard_login :Password is secret_sauce
2023-07-02 19:50:38,307 :INFO :test_standard_login :Password is secret_sauce
2023-07-02 19:50:38,307 :INFO :test_standard_login :Password is secret_sauce
2023-07-02 19:50:38,307 :INFO :test_standard_login :Password is secret_sauce
2023-07-02 19:50:38,307 :INFO :test_standard_login :Password is secret_sauce
2023-07-02 19:50:38,490 :INFO :test_standard_login :Login is pass
2023-07-02 19:50:38,490 :INFO :test_standard_login :Login is pass
2023-07-02 19:50:38,490 :INFO :test_standard_login :Login is pass
2023-07-02 19:50:38,490 :INFO :test_standard_login :Login is pass
2023-07-02 19:50:38,490 :INFO :test_standard_login :Login is pass
2023-07-02 19:50:38,490 :INFO :test_standard_login :Login is pass
2023-07-02 19:50:39,925 :INFO :test_price :##### 1. Login step #####
2023-07-02 19:50:39,925 :INFO :test_price :Username is standard_user
2023-07-02 19:50:40,012 :INFO :test_price :Password is secret_sauce
2023-07-02 19:50:40,211 :INFO :test_price :Login is pass
2023-07-02 19:50:40,211 :INFO :test_price :##### 2. Price step from items page #####
2023-07-02 19:50:40,211 :INFO :test_price :Calculate total price
2023-07-02 19:50:40,341 :INFO :test_price :All elements price is 129.94
2023-07-02 19:50:40,341 :INFO :test_price :##### 3. Price step from each item page and add to cart #####
2023-07-02 19:50:40,484 :INFO :test_price :Element name = Sauce Labs Backpack and price $29.99
2023-07-02 19:50:40,632 :INFO :test_price :Element name = Sauce Labs Bike Light and price $9.99
2023-07-02 19:50:40,785 :INFO :test_price :Element name = Sauce Labs Bolt T-Shirt and price $15.99
2023-07-02 19:50:40,928 :INFO :test_price :Element name = Sauce Labs Fleece Jacket and price $49.99
2023-07-02 19:50:41,068 :INFO :test_price :Element name = Sauce Labs Onesie and price $7.99
2023-07-02 19:50:41,227 :INFO :test_price :Element name = Test.allTheThings() T-Shirt (Red) and price $15.99
2023-07-02 21:45:30,961 :INFO :test_standard_login :Username is incorrect
2023-07-02 21:45:31,048 :INFO :test_standard_login :Password is secret_sauce
2023-07-02 21:45:31,201 :INFO :test_standard_login :Login is locked
2023-07-02 21:45:32,636 :INFO :test_standard_login :Username is incorrect
2023-07-02 21:45:32,636 :INFO :test_standard_login :Username is incorrect
2023-07-02 21:45:32,721 :INFO :test_standard_login :Password is secret_sauce
2023-07-02 21:45:32,721 :INFO :test_standard_login :Password is secret_sauce
2023-07-02 21:45:32,866 :INFO :test_standard_login :Login is locked
2023-07-02 21:45:32,866 :INFO :test_standard_login :Login is locked
2023-07-02 21:45:34,359 :INFO :test_standard_login :Username is locked_out_user
2023-07-02 21:45:34,359 :INFO :test_standard_login :Username is locked_out_user
2023-07-02 21:45:34,359 :INFO :test_standard_login :Username is locked_out_user
2023-07-02 21:45:34,448 :INFO :test_standard_login :Password is secret_sauce
2023-07-02 21:45:34,448 :INFO :test_standard_login :Password is secret_sauce
2023-07-02 21:45:34,448 :INFO :test_standard_login :Password is secret_sauce
2023-07-02 21:45:34,603 :INFO :test_standard_login :Login is locked
2023-07-02 21:45:34,603 :INFO :test_standard_login :Login is locked
2023-07-02 21:45:34,603 :INFO :test_standard_login :Login is locked
2023-07-02 21:45:36,022 :INFO :test_standard_login :Username is standard_user
2023-07-02 21:45:36,022 :INFO :test_standard_login :Username is standard_user
2023-07-02 21:45:36,022 :INFO :test_standard_login :Username is standard_user
2023-07-02 21:45:36,022 :INFO :test_standard_login :Username is standard_user
2023-07-02 21:45:36,108 :INFO :test_standard_login :Password is secret_sauce
2023-07-02 21:45:36,108 :INFO :test_standard_login :Password is secret_sauce
2023-07-02 21:45:36,108 :INFO :test_standard_login :Password is secret_sauce
2023-07-02 21:45:36,108 :INFO :test_standard_login :Password is secret_sauce
2023-07-02 21:45:36,284 :INFO :test_standard_login :Login is pass
2023-07-02 21:45:36,284 :INFO :test_standard_login :Login is pass
2023-07-02 21:45:36,284 :INFO :test_standard_login :Login is pass
2023-07-02 21:45:36,284 :INFO :test_standard_login :Login is pass
2023-07-02 21:45:37,802 :INFO :test_standard_login :Username is problem_user
2023-07-02 21:45:37,802 :INFO :test_standard_login :Username is problem_user
2023-07-02 21:45:37,802 :INFO :test_standard_login :Username is problem_user
2023-07-02 21:45:37,802 :INFO :test_standard_login :Username is problem_user
2023-07-02 21:45:37,802 :INFO :test_standard_login :Username is problem_user
2023-07-02 21:45:37,888 :INFO :test_standard_login :Password is secret_sauce
2023-07-02 21:45:37,888 :INFO :test_standard_login :Password is secret_sauce
2023-07-02 21:45:37,888 :INFO :test_standard_login :Password is secret_sauce
2023-07-02 21:45:37,888 :INFO :test_standard_login :Password is secret_sauce
2023-07-02 21:45:37,888 :INFO :test_standard_login :Password is secret_sauce
2023-07-02 21:45:38,071 :INFO :test_standard_login :Login is pass
2023-07-02 21:45:38,071 :INFO :test_standard_login :Login is pass
2023-07-02 21:45:38,071 :INFO :test_standard_login :Login is pass
2023-07-02 21:45:38,071 :INFO :test_standard_login :Login is pass
2023-07-02 21:45:38,071 :INFO :test_standard_login :Login is pass
2023-07-02 21:45:39,562 :INFO :test_standard_login :Username is standard_user
2023-07-02 21:45:39,562 :INFO :test_standard_login :Username is standard_user
2023-07-02 21:45:39,562 :INFO :test_standard_login :Username is standard_user
2023-07-02 21:45:39,562 :INFO :test_standard_login :Username is standard_user
2023-07-02 21:45:39,562 :INFO :test_standard_login :Username is standard_user
2023-07-02 21:45:39,562 :INFO :test_standard_login :Username is standard_user
2023-07-02 21:45:39,656 :INFO :test_standard_login :Password is secret_sauce
2023-07-02 21:45:39,656 :INFO :test_standard_login :Password is secret_sauce
2023-07-02 21:45:39,656 :INFO :test_standard_login :Password is secret_sauce
2023-07-02 21:45:39,656 :INFO :test_standard_login :Password is secret_sauce
2023-07-02 21:45:39,656 :INFO :test_standard_login :Password is secret_sauce
2023-07-02 21:45:39,656 :INFO :test_standard_login :Password is secret_sauce
2023-07-02 21:45:39,832 :INFO :test_standard_login :Login is pass
2023-07-02 21:45:39,832 :INFO :test_standard_login :Login is pass
2023-07-02 21:45:39,832 :INFO :test_standard_login :Login is pass
2023-07-02 21:45:39,832 :INFO :test_standard_login :Login is pass
2023-07-02 21:45:39,832 :INFO :test_standard_login :Login is pass
2023-07-02 21:45:39,832 :INFO :test_standard_login :Login is pass
2023-07-02 21:45:41,275 :INFO :test_price :##### 1. Login step #####
2023-07-02 21:45:41,275 :INFO :test_price :Username is problem_user
2023-07-02 21:45:41,367 :INFO :test_price :Password is secret_sauce
2023-07-02 21:45:41,562 :INFO :test_price :Login is pass
2023-07-02 21:45:41,562 :INFO :test_price :##### 2. Price step from items page #####
2023-07-02 21:45:41,563 :INFO :test_price :Calculate total price
2023-07-02 21:45:41,685 :INFO :test_price :All elements price is 129.94
2023-07-02 21:45:41,686 :INFO :test_price :##### 3. Price step from each item page and add to cart #####
2023-07-02 21:45:41,847 :INFO :test_price :Element name = Sauce Labs Backpack and price $49.99
2023-07-02 21:45:41,847 :INFO :test_price :Price from main page 29.99 vs, price on item page $49.99
2023-07-02 21:45:41,847 :ERROR :test_price :Assertion failed: Expected price 29.99, Actual price 49.99
2023-07-02 21:45:42,010 :INFO :test_price :Element name = Sauce Labs Bike Light and price $15.99
2023-07-02 21:45:42,010 :INFO :test_price :Price from main page 9.99 vs, price on item page $15.99
2023-07-02 21:45:42,011 :ERROR :test_price :Assertion failed: Expected price 9.99, Actual price 15.99
2023-07-02 21:45:42,171 :INFO :test_price :Element name = Sauce Labs Bolt T-Shirt and price $7.99
2023-07-02 21:45:42,171 :INFO :test_price :Price from main page 15.99 vs, price on item page $7.99
2023-07-02 21:45:42,172 :ERROR :test_price :Assertion failed: Expected price 15.99, Actual price 7.99
2023-07-02 21:45:42,330 :INFO :test_price :Element name = Sauce Labs Fleece Jacket and price $√-1
2023-07-02 21:45:42,330 :INFO :test_price :Price from main page 49.99 vs, price on item page $√-1
2023-07-02 21:45:42,330 :ERROR :test_price :Error: Failed to convert price to float
2023-07-02 21:45:42,502 :INFO :test_price :Element name = Sauce Labs Onesie and price $15.99
2023-07-02 21:45:42,503 :INFO :test_price :Price from main page 7.99 vs, price on item page $15.99
2023-07-02 21:45:42,503 :ERROR :test_price :Assertion failed: Expected price 7.99, Actual price 15.99
2023-07-02 21:45:42,659 :INFO :test_price :Element name = Test.allTheThings() T-Shirt (Red) and price $29.99
2023-07-02 21:45:42,659 :INFO :test_price :Price from main page 15.99 vs, price on item page $29.99
2023-07-02 21:45:42,660 :ERROR :test_price :Assertion failed: Expected price 15.99, Actual price 29.99
2023-07-02 21:45:42,671 :ERROR :test_price :Assertion failed: Expected sum 129.94, Actual price 119.94999999999999
2023-07-02 21:45:44,330 :INFO :test_price :##### 1. Login step #####
2023-07-02 21:45:44,330 :INFO :test_price :##### 1. Login step #####
2023-07-02 21:45:44,330 :INFO :test_price :Username is standard_user
2023-07-02 21:45:44,330 :INFO :test_price :Username is standard_user
2023-07-02 21:45:44,416 :INFO :test_price :Password is secret_sauce
2023-07-02 21:45:44,416 :INFO :test_price :Password is secret_sauce
2023-07-02 21:45:44,600 :INFO :test_price :Login is pass
2023-07-02 21:45:44,600 :INFO :test_price :Login is pass
2023-07-02 21:45:44,600 :INFO :test_price :##### 2. Price step from items page #####
2023-07-02 21:45:44,600 :INFO :test_price :##### 2. Price step from items page #####
2023-07-02 21:45:44,600 :INFO :test_price :Calculate total price
2023-07-02 21:45:44,600 :INFO :test_price :Calculate total price
2023-07-02 21:45:44,721 :INFO :test_price :All elements price is 129.94
2023-07-02 21:45:44,721 :INFO :test_price :All elements price is 129.94
2023-07-02 21:45:44,721 :INFO :test_price :##### 3. Price step from each item page and add to cart #####
2023-07-02 21:45:44,721 :INFO :test_price :##### 3. Price step from each item page and add to cart #####
2023-07-02 21:45:44,884 :INFO :test_price :Element name = Sauce Labs Backpack and price $29.99
2023-07-02 21:45:44,884 :INFO :test_price :Element name = Sauce Labs Backpack and price $29.99
2023-07-02 21:45:44,884 :INFO :test_price :Price from main page 29.99 vs, price on item page $29.99
2023-07-02 21:45:44,884 :INFO :test_price :Price from main page 29.99 vs, price on item page $29.99
2023-07-02 21:45:45,047 :INFO :test_price :Element name = Sauce Labs Bike Light and price $9.99
2023-07-02 21:45:45,047 :INFO :test_price :Element name = Sauce Labs Bike Light and price $9.99
2023-07-02 21:45:45,047 :INFO :test_price :Price from main page 9.99 vs, price on item page $9.99
2023-07-02 21:45:45,047 :INFO :test_price :Price from main page 9.99 vs, price on item page $9.99
2023-07-02 21:45:45,213 :INFO :test_price :Element name = Sauce Labs Bolt T-Shirt and price $15.99
2023-07-02 21:45:45,213 :INFO :test_price :Element name = Sauce Labs Bolt T-Shirt and price $15.99
2023-07-02 21:45:45,213 :INFO :test_price :Price from main page 15.99 vs, price on item page $15.99
2023-07-02 21:45:45,213 :INFO :test_price :Price from main page 15.99 vs, price on item page $15.99
2023-07-02 21:45:45,362 :INFO :test_price :Element name = Sauce Labs Fleece Jacket and price $49.99
2023-07-02 21:45:45,362 :INFO :test_price :Element name = Sauce Labs Fleece Jacket and price $49.99
2023-07-02 21:45:45,362 :INFO :test_price :Price from main page 49.99 vs, price on item page $49.99
2023-07-02 21:45:45,362 :INFO :test_price :Price from main page 49.99 vs, price on item page $49.99
2023-07-02 21:45:45,526 :INFO :test_price :Element name = Sauce Labs Onesie and price $7.99
2023-07-02 21:45:45,526 :INFO :test_price :Element name = Sauce Labs Onesie and price $7.99
2023-07-02 21:45:45,526 :INFO :test_price :Price from main page 7.99 vs, price on item page $7.99
2023-07-02 21:45:45,526 :INFO :test_price :Price from main page 7.99 vs, price on item page $7.99
2023-07-02 21:45:45,679 :INFO :test_price :Element name = Test.allTheThings() T-Shirt (Red) and price $15.99
2023-07-02 21:45:45,679 :INFO :test_price :Element name = Test.allTheThings() T-Shirt (Red) and price $15.99
2023-07-02 21:45:45,679 :INFO :test_price :Price from main page 15.99 vs, price on item page $15.99
2023-07-02 21:45:45,679 :INFO :test_price :Price from main page 15.99 vs, price on item page $15.99
2023-07-02 21:45:45,690 :INFO :test_price :Price sum 129.94 == sum_list price 129.94
2023-07-02 21:45:45,690 :INFO :test_price :Price sum 129.94 == sum_list price 129.94
2023-07-02 22:59:37,374 :INFO :test_standard_login :Username is incorrect
2023-07-02 22:59:37,454 :INFO :test_standard_login :Password is secret_sauce
2023-07-02 22:59:37,610 :INFO :test_standard_login :Login is locked
2023-07-02 22:59:39,056 :INFO :test_standard_login :Username is incorrect
2023-07-02 22:59:39,056 :INFO :test_standard_login :Username is incorrect
2023-07-02 22:59:39,147 :INFO :test_standard_login :Password is secret_sauce
2023-07-02 22:59:39,147 :INFO :test_standard_login :Password is secret_sauce
2023-07-02 22:59:39,315 :INFO :test_standard_login :Login is locked
2023-07-02 22:59:39,315 :INFO :test_standard_login :Login is locked
2023-07-02 22:59:40,755 :INFO :test_standard_login :Username is locked_out_user
2023-07-02 22:59:40,755 :INFO :test_standard_login :Username is locked_out_user
2023-07-02 22:59:40,755 :INFO :test_standard_login :Username is locked_out_user
2023-07-02 22:59:40,881 :INFO :test_standard_login :Password is secret_sauce
2023-07-02 22:59:40,881 :INFO :test_standard_login :Password is secret_sauce
2023-07-02 22:59:40,881 :INFO :test_standard_login :Password is secret_sauce
2023-07-02 22:59:41,034 :INFO :test_standard_login :Login is locked
2023-07-02 22:59:41,034 :INFO :test_standard_login :Login is locked
2023-07-02 22:59:41,034 :INFO :test_standard_login :Login is locked
2023-07-02 22:59:42,566 :INFO :test_price :##### 1. Login step #####
2023-07-02 22:59:42,566 :INFO :test_price :Username is performance_glitch_user
2023-07-02 22:59:42,660 :INFO :test_price :Password is secret_sauce
2023-07-02 22:59:47,839 :INFO :test_price :Login is pass
2023-07-02 22:59:49,868 :INFO :test_standard_login :Username is problem_user
2023-07-02 22:59:49,868 :INFO :test_standard_login :Username is problem_user
2023-07-02 22:59:49,868 :INFO :test_standard_login :Username is problem_user
2023-07-02 22:59:49,868 :INFO :test_standard_login :Username is problem_user
2023-07-02 22:59:49,959 :INFO :test_standard_login :Password is secret_sauce
2023-07-02 22:59:49,959 :INFO :test_standard_login :Password is secret_sauce
2023-07-02 22:59:49,959 :INFO :test_standard_login :Password is secret_sauce
2023-07-02 22:59:49,959 :INFO :test_standard_login :Password is secret_sauce
2023-07-02 22:59:50,140 :INFO :test_standard_login :Login is pass
2023-07-02 22:59:50,140 :INFO :test_standard_login :Login is pass
2023-07-02 22:59:50,140 :INFO :test_standard_login :Login is pass
2023-07-02 22:59:50,140 :INFO :test_standard_login :Login is pass
2023-07-02 22:59:51,563 :INFO :test_standard_login :Username is standard_user
2023-07-02 22:59:51,563 :INFO :test_standard_login :Username is standard_user
2023-07-02 22:59:51,563 :INFO :test_standard_login :Username is standard_user
2023-07-02 22:59:51,563 :INFO :test_standard_login :Username is standard_user
2023-07-02 22:59:51,563 :INFO :test_standard_login :Username is standard_user
2023-07-02 22:59:51,664 :INFO :test_standard_login :Password is secret_sauce
2023-07-02 22:59:51,664 :INFO :test_standard_login :Password is secret_sauce
2023-07-02 22:59:51,664 :INFO :test_standard_login :Password is secret_sauce
2023-07-02 22:59:51,664 :INFO :test_standard_login :Password is secret_sauce
2023-07-02 22:59:51,664 :INFO :test_standard_login :Password is secret_sauce
2023-07-02 22:59:51,844 :INFO :test_standard_login :Login is pass
2023-07-02 22:59:51,844 :INFO :test_standard_login :Login is pass
2023-07-02 22:59:51,844 :INFO :test_standard_login :Login is pass
2023-07-02 22:59:51,844 :INFO :test_standard_login :Login is pass
2023-07-02 22:59:51,844 :INFO :test_standard_login :Login is pass
2023-07-02 22:59:53,266 :INFO :test_price :##### 1. Login step #####
2023-07-02 22:59:53,266 :INFO :test_price :##### 1. Login step #####
2023-07-02 22:59:53,266 :INFO :test_price :Username is performance_glitch_user
2023-07-02 22:59:53,266 :INFO :test_price :Username is performance_glitch_user
2023-07-02 22:59:53,362 :INFO :test_price :Password is secret_sauce
2023-07-02 22:59:53,362 :INFO :test_price :Password is secret_sauce
2023-07-02 22:59:58,552 :INFO :test_price :Login is pass
2023-07-02 22:59:58,552 :INFO :test_price :Login is pass
2023-07-02 22:59:58,552 :INFO :test_price :##### 2. Price step from items page #####
2023-07-02 22:59:58,552 :INFO :test_price :##### 2. Price step from items page #####
2023-07-02 22:59:58,553 :INFO :test_price :Calculate total price
2023-07-02 22:59:58,553 :INFO :test_price :Calculate total price
2023-07-02 22:59:58,677 :INFO :test_price :All elements price is 129.94
2023-07-02 22:59:58,677 :INFO :test_price :All elements price is 129.94
2023-07-02 22:59:58,677 :INFO :test_price :##### 3. Price step from each item page and add to cart #####
2023-07-02 22:59:58,677 :INFO :test_price :##### 3. Price step from each item page and add to cart #####
2023-07-02 22:59:58,907 :INFO :test_price :Element name = Sauce Labs Backpack and price $29.99
2023-07-02 22:59:58,907 :INFO :test_price :Element name = Sauce Labs Backpack and price $29.99
2023-07-02 22:59:58,907 :INFO :test_price :Price from main page 29.99 vs, price on item page $29.99
2023-07-02 22:59:58,907 :INFO :test_price :Price from main page 29.99 vs, price on item page $29.99
2023-07-02 23:00:04,086 :INFO :test_price :Element name = Sauce Labs Bike Light and price $9.99
2023-07-02 23:00:04,086 :INFO :test_price :Element name = Sauce Labs Bike Light and price $9.99
2023-07-02 23:00:04,086 :INFO :test_price :Price from main page 9.99 vs, price on item page $9.99
2023-07-02 23:00:04,086 :INFO :test_price :Price from main page 9.99 vs, price on item page $9.99
2023-07-02 23:00:09,236 :INFO :test_price :Element name = Sauce Labs Bolt T-Shirt and price $15.99
2023-07-02 23:00:09,236 :INFO :test_price :Element name = Sauce Labs Bolt T-Shirt and price $15.99
2023-07-02 23:00:09,236 :INFO :test_price :Price from main page 15.99 vs, price on item page $15.99
2023-07-02 23:00:09,236 :INFO :test_price :Price from main page 15.99 vs, price on item page $15.99
2023-07-02 23:00:14,386 :INFO :test_price :Element name = Sauce Labs Fleece Jacket and price $49.99
2023-07-02 23:00:14,386 :INFO :test_price :Element name = Sauce Labs Fleece Jacket and price $49.99
2023-07-02 23:00:14,386 :INFO :test_price :Price from main page 49.99 vs, price on item page $49.99
2023-07-02 23:00:14,386 :INFO :test_price :Price from main page 49.99 vs, price on item page $49.99
2023-07-02 23:00:19,547 :INFO :test_price :Element name = Sauce Labs Onesie and price $7.99
2023-07-02 23:00:19,547 :INFO :test_price :Element name = Sauce Labs Onesie and price $7.99
2023-07-02 23:00:19,547 :INFO :test_price :Price from main page 7.99 vs, price on item page $7.99
2023-07-02 23:00:19,547 :INFO :test_price :Price from main page 7.99 vs, price on item page $7.99
2023-07-02 23:00:24,707 :INFO :test_price :Element name = Test.allTheThings() T-Shirt (Red) and price $15.99
2023-07-02 23:00:24,707 :INFO :test_price :Element name = Test.allTheThings() T-Shirt (Red) and price $15.99
2023-07-02 23:00:24,707 :INFO :test_price :Price from main page 15.99 vs, price on item page $15.99
2023-07-02 23:00:24,707 :INFO :test_price :Price from main page 15.99 vs, price on item page $15.99
2023-07-02 23:00:29,725 :INFO :test_price :Price sum 129.94 == sum_list price 129.94
2023-07-02 23:00:29,725 :INFO :test_price :Price sum 129.94 == sum_list price 129.94
2023-07-02 23:00:31,711 :INFO :test_price :##### 1. Login step #####
2023-07-02 23:00:31,711 :INFO :test_price :##### 1. Login step #####
2023-07-02 23:00:31,711 :INFO :test_price :##### 1. Login step #####
2023-07-02 23:00:31,712 :INFO :test_price :Username is problem_user
2023-07-02 23:00:31,712 :INFO :test_price :Username is problem_user
2023-07-02 23:00:31,712 :INFO :test_price :Username is problem_user
2023-07-02 23:00:31,801 :INFO :test_price :Password is secret_sauce
2023-07-02 23:00:31,801 :INFO :test_price :Password is secret_sauce
2023-07-02 23:00:31,801 :INFO :test_price :Password is secret_sauce
2023-07-02 23:00:31,984 :INFO :test_price :Login is pass
2023-07-02 23:00:31,984 :INFO :test_price :Login is pass
2023-07-02 23:00:31,984 :INFO :test_price :Login is pass
2023-07-02 23:00:31,984 :INFO :test_price :##### 2. Price step from items page #####
2023-07-02 23:00:31,984 :INFO :test_price :##### 2. Price step from items page #####
2023-07-02 23:00:31,984 :INFO :test_price :##### 2. Price step from items page #####
2023-07-02 23:00:31,984 :INFO :test_price :Calculate total price
2023-07-02 23:00:31,984 :INFO :test_price :Calculate total price
2023-07-02 23:00:31,984 :INFO :test_price :Calculate total price
2023-07-02 23:00:32,105 :INFO :test_price :All elements price is 129.94
2023-07-02 23:00:32,105 :INFO :test_price :All elements price is 129.94
2023-07-02 23:00:32,105 :INFO :test_price :All elements price is 129.94
2023-07-02 23:00:32,105 :INFO :test_price :##### 3. Price step from each item page and add to cart #####
2023-07-02 23:00:32,105 :INFO :test_price :##### 3. Price step from each item page and add to cart #####
2023-07-02 23:00:32,105 :INFO :test_price :##### 3. Price step from each item page and add to cart #####
2023-07-02 23:00:32,270 :INFO :test_price :Element name = Sauce Labs Backpack and price $49.99
2023-07-02 23:00:32,270 :INFO :test_price :Element name = Sauce Labs Backpack and price $49.99
2023-07-02 23:00:32,270 :INFO :test_price :Element name = Sauce Labs Backpack and price $49.99
2023-07-02 23:00:32,270 :INFO :test_price :Price from main page 29.99 vs, price on item page $49.99
2023-07-02 23:00:32,270 :INFO :test_price :Price from main page 29.99 vs, price on item page $49.99
2023-07-02 23:00:32,270 :INFO :test_price :Price from main page 29.99 vs, price on item page $49.99
2023-07-02 23:00:32,270 :ERROR :test_price :Assertion failed: Expected price 29.99, Actual price 49.99
2023-07-02 23:00:32,270 :ERROR :test_price :Assertion failed: Expected price 29.99, Actual price 49.99
2023-07-02 23:00:32,270 :ERROR :test_price :Assertion failed: Expected price 29.99, Actual price 49.99
2023-07-02 23:00:32,431 :INFO :test_price :Element name = Sauce Labs Bike Light and price $15.99
2023-07-02 23:00:32,431 :INFO :test_price :Element name = Sauce Labs Bike Light and price $15.99
2023-07-02 23:00:32,431 :INFO :test_price :Element name = Sauce Labs Bike Light and price $15.99
2023-07-02 23:00:32,431 :INFO :test_price :Price from main page 9.99 vs, price on item page $15.99
2023-07-02 23:00:32,431 :INFO :test_price :Price from main page 9.99 vs, price on item page $15.99
2023-07-02 23:00:32,431 :INFO :test_price :Price from main page 9.99 vs, price on item page $15.99
2023-07-02 23:00:32,432 :ERROR :test_price :Assertion failed: Expected price 9.99, Actual price 15.99
2023-07-02 23:00:32,432 :ERROR :test_price :Assertion failed: Expected price 9.99, Actual price 15.99
2023-07-02 23:00:32,432 :ERROR :test_price :Assertion failed: Expected price 9.99, Actual price 15.99
2023-07-02 23:00:32,593 :INFO :test_price :Element name = Sauce Labs Bolt T-Shirt and price $7.99
2023-07-02 23:00:32,593 :INFO :test_price :Element name = Sauce Labs Bolt T-Shirt and price $7.99
2023-07-02 23:00:32,593 :INFO :test_price :Element name = Sauce Labs Bolt T-Shirt and price $7.99
2023-07-02 23:00:32,593 :INFO :test_price :Price from main page 15.99 vs, price on item page $7.99
2023-07-02 23:00:32,593 :INFO :test_price :Price from main page 15.99 vs, price on item page $7.99
2023-07-02 23:00:32,593 :INFO :test_price :Price from main page 15.99 vs, price on item page $7.99
2023-07-02 23:00:32,593 :ERROR :test_price :Assertion failed: Expected price 15.99, Actual price 7.99
2023-07-02 23:00:32,593 :ERROR :test_price :Assertion failed: Expected price 15.99, Actual price 7.99
2023-07-02 23:00:32,593 :ERROR :test_price :Assertion failed: Expected price 15.99, Actual price 7.99
2023-07-02 23:00:32,749 :INFO :test_price :Element name = Sauce Labs Fleece Jacket and price $√-1
2023-07-02 23:00:32,749 :INFO :test_price :Element name = Sauce Labs Fleece Jacket and price $√-1
2023-07-02 23:00:32,749 :INFO :test_price :Element name = Sauce Labs Fleece Jacket and price $√-1
2023-07-02 23:00:32,749 :INFO :test_price :Price from main page 49.99 vs, price on item page $√-1
2023-07-02 23:00:32,749 :INFO :test_price :Price from main page 49.99 vs, price on item page $√-1
2023-07-02 23:00:32,749 :INFO :test_price :Price from main page 49.99 vs, price on item page $√-1
2023-07-02 23:00:32,749 :ERROR :test_price :Error: Failed to convert price to float
2023-07-02 23:00:32,749 :ERROR :test_price :Error: Failed to convert price to float
2023-07-02 23:00:32,749 :ERROR :test_price :Error: Failed to convert price to float
2023-07-02 23:00:32,905 :INFO :test_price :Element name = Sauce Labs Onesie and price $15.99
2023-07-02 23:00:32,905 :INFO :test_price :Element name = Sauce Labs Onesie and price $15.99
2023-07-02 23:00:32,905 :INFO :test_price :Element name = Sauce Labs Onesie and price $15.99
2023-07-02 23:00:32,905 :INFO :test_price :Price from main page 7.99 vs, price on item page $15.99
2023-07-02 23:00:32,905 :INFO :test_price :Price from main page 7.99 vs, price on item page $15.99
2023-07-02 23:00:32,905 :INFO :test_price :Price from main page 7.99 vs, price on item page $15.99
2023-07-02 23:00:32,905 :ERROR :test_price :Assertion failed: Expected price 7.99, Actual price 15.99
2023-07-02 23:00:32,905 :ERROR :test_price :Assertion failed: Expected price 7.99, Actual price 15.99
2023-07-02 23:00:32,905 :ERROR :test_price :Assertion failed: Expected price 7.99, Actual price 15.99
2023-07-02 23:00:33,063 :INFO :test_price :Element name = Test.allTheThings() T-Shirt (Red) and price $29.99
2023-07-02 23:00:33,063 :INFO :test_price :Element name = Test.allTheThings() T-Shirt (Red) and price $29.99
2023-07-02 23:00:33,063 :INFO :test_price :Element name = Test.allTheThings() T-Shirt (Red) and price $29.99
2023-07-02 23:00:33,063 :INFO :test_price :Price from main page 15.99 vs, price on item page $29.99
2023-07-02 23:00:33,063 :INFO :test_price :Price from main page 15.99 vs, price on item page $29.99
2023-07-02 23:00:33,063 :INFO :test_price :Price from main page 15.99 vs, price on item page $29.99
2023-07-02 23:00:33,063 :ERROR :test_price :Assertion failed: Expected price 15.99, Actual price 29.99
2023-07-02 23:00:33,063 :ERROR :test_price :Assertion failed: Expected price 15.99, Actual price 29.99
2023-07-02 23:00:33,063 :ERROR :test_price :Assertion failed: Expected price 15.99, Actual price 29.99
2023-07-02 23:00:33,075 :ERROR :test_price :Assertion failed: Expected sum 129.94, Actual price 119.94999999999999
2023-07-02 23:00:33,075 :ERROR :test_price :Assertion failed: Expected sum 129.94, Actual price 119.94999999999999
2023-07-02 23:00:33,075 :ERROR :test_price :Assertion failed: Expected sum 129.94, Actual price 119.94999999999999
2023-07-02 23:00:34,782 :INFO :test_price :##### 1. Login step #####
2023-07-02 23:00:34,782 :INFO :test_price :##### 1. Login step #####
2023-07-02 23:00:34,782 :INFO :test_price :##### 1. Login step #####
2023-07-02 23:00:34,782 :INFO :test_price :##### 1. Login step #####
2023-07-02 23:00:34,782 :INFO :test_price :Username is standard_user
2023-07-02 23:00:34,782 :INFO :test_price :Username is standard_user
2023-07-02 23:00:34,782 :INFO :test_price :Username is standard_user
2023-07-02 23:00:34,782 :INFO :test_price :Username is standard_user
2023-07-02 23:00:34,876 :INFO :test_price :Password is secret_sauce
2023-07-02 23:00:34,876 :INFO :test_price :Password is secret_sauce
2023-07-02 23:00:34,876 :INFO :test_price :Password is secret_sauce
2023-07-02 23:00:34,876 :INFO :test_price :Password is secret_sauce
2023-07-02 23:00:35,056 :INFO :test_price :Login is pass
2023-07-02 23:00:35,056 :INFO :test_price :Login is pass
2023-07-02 23:00:35,056 :INFO :test_price :Login is pass
2023-07-02 23:00:35,056 :INFO :test_price :Login is pass
2023-07-02 23:00:35,056 :INFO :test_price :##### 2. Price step from items page #####
2023-07-02 23:00:35,056 :INFO :test_price :##### 2. Price step from items page #####
2023-07-02 23:00:35,056 :INFO :test_price :##### 2. Price step from items page #####
2023-07-02 23:00:35,056 :INFO :test_price :##### 2. Price step from items page #####
2023-07-02 23:00:35,057 :INFO :test_price :Calculate total price
2023-07-02 23:00:35,057 :INFO :test_price :Calculate total price
2023-07-02 23:00:35,057 :INFO :test_price :Calculate total price
2023-07-02 23:00:35,057 :INFO :test_price :Calculate total price
2023-07-02 23:00:35,186 :INFO :test_price :All elements price is 129.94
2023-07-02 23:00:35,186 :INFO :test_price :All elements price is 129.94
2023-07-02 23:00:35,186 :INFO :test_price :All elements price is 129.94
2023-07-02 23:00:35,186 :INFO :test_price :All elements price is 129.94
2023-07-02 23:00:35,186 :INFO :test_price :##### 3. Price step from each item page and add to cart #####
2023-07-02 23:00:35,186 :INFO :test_price :##### 3. Price step from each item page and add to cart #####
2023-07-02 23:00:35,186 :INFO :test_price :##### 3. Price step from each item page and add to cart #####
2023-07-02 23:00:35,186 :INFO :test_price :##### 3. Price step from each item page and add to cart #####
2023-07-02 23:00:35,359 :INFO :test_price :Element name = Sauce Labs Backpack and price $29.99
2023-07-02 23:00:35,359 :INFO :test_price :Element name = Sauce Labs Backpack and price $29.99
2023-07-02 23:00:35,359 :INFO :test_price :Element name = Sauce Labs Backpack and price $29.99
2023-07-02 23:00:35,359 :INFO :test_price :Element name = Sauce Labs Backpack and price $29.99
2023-07-02 23:00:35,359 :INFO :test_price :Price from main page 29.99 vs, price on item page $29.99
2023-07-02 23:00:35,359 :INFO :test_price :Price from main page 29.99 vs, price on item page $29.99
2023-07-02 23:00:35,359 :INFO :test_price :Price from main page 29.99 vs, price on item page $29.99
2023-07-02 23:00:35,359 :INFO :test_price :Price from main page 29.99 vs, price on item page $29.99
2023-07-02 23:00:35,522 :INFO :test_price :Element name = Sauce Labs Bike Light and price $9.99
2023-07-02 23:00:35,522 :INFO :test_price :Element name = Sauce Labs Bike Light and price $9.99
2023-07-02 23:00:35,522 :INFO :test_price :Element name = Sauce Labs Bike Light and price $9.99
2023-07-02 23:00:35,522 :INFO :test_price :Element name = Sauce Labs Bike Light and price $9.99
2023-07-02 23:00:35,522 :INFO :test_price :Price from main page 9.99 vs, price on item page $9.99
2023-07-02 23:00:35,522 :INFO :test_price :Price from main page 9.99 vs, price on item page $9.99
2023-07-02 23:00:35,522 :INFO :test_price :Price from main page 9.99 vs, price on item page $9.99
2023-07-02 23:00:35,522 :INFO :test_price :Price from main page 9.99 vs, price on item page $9.99
2023-07-02 23:00:35,678 :INFO :test_price :Element name = Sauce Labs Bolt T-Shirt and price $15.99
2023-07-02 23:00:35,678 :INFO :test_price :Element name = Sauce Labs Bolt T-Shirt and price $15.99
2023-07-02 23:00:35,678 :INFO :test_price :Element name = Sauce Labs Bolt T-Shirt and price $15.99
2023-07-02 23:00:35,678 :INFO :test_price :Element name = Sauce Labs Bolt T-Shirt and price $15.99
2023-07-02 23:00:35,678 :INFO :test_price :Price from main page 15.99 vs, price on item page $15.99
2023-07-02 23:00:35,678 :INFO :test_price :Price from main page 15.99 vs, price on item page $15.99
2023-07-02 23:00:35,678 :INFO :test_price :Price from main page 15.99 vs, price on item page $15.99
2023-07-02 23:00:35,678 :INFO :test_price :Price from main page 15.99 vs, price on item page $15.99
2023-07-02 23:00:35,833 :INFO :test_price :Element name = Sauce Labs Fleece Jacket and price $49.99
2023-07-02 23:00:35,833 :INFO :test_price :Element name = Sauce Labs Fleece Jacket and price $49.99
2023-07-02 23:00:35,833 :INFO :test_price :Element name = Sauce Labs Fleece Jacket and price $49.99
2023-07-02 23:00:35,833 :INFO :test_price :Element name = Sauce Labs Fleece Jacket and price $49.99
2023-07-02 23:00:35,834 :INFO :test_price :Price from main page 49.99 vs, price on item page $49.99
2023-07-02 23:00:35,834 :INFO :test_price :Price from main page 49.99 vs, price on item page $49.99
2023-07-02 23:00:35,834 :INFO :test_price :Price from main page 49.99 vs, price on item page $49.99
2023-07-02 23:00:35,834 :INFO :test_price :Price from main page 49.99 vs, price on item page $49.99
2023-07-02 23:00:36,005 :INFO :test_price :Element name = Sauce Labs Onesie and price $7.99
2023-07-02 23:00:36,005 :INFO :test_price :Element name = Sauce Labs Onesie and price $7.99
2023-07-02 23:00:36,005 :INFO :test_price :Element name = Sauce Labs Onesie and price $7.99
2023-07-02 23:00:36,005 :INFO :test_price :Element name = Sauce Labs Onesie and price $7.99
2023-07-02 23:00:36,005 :INFO :test_price :Price from main page 7.99 vs, price on item page $7.99
2023-07-02 23:00:36,005 :INFO :test_price :Price from main page 7.99 vs, price on item page $7.99
2023-07-02 23:00:36,005 :INFO :test_price :Price from main page 7.99 vs, price on item page $7.99
2023-07-02 23:00:36,005 :INFO :test_price :Price from main page 7.99 vs, price on item page $7.99
2023-07-02 23:00:36,183 :INFO :test_price :Element name = Test.allTheThings() T-Shirt (Red) and price $15.99
2023-07-02 23:00:36,183 :INFO :test_price :Element name = Test.allTheThings() T-Shirt (Red) and price $15.99
2023-07-02 23:00:36,183 :INFO :test_price :Element name = Test.allTheThings() T-Shirt (Red) and price $15.99
2023-07-02 23:00:36,183 :INFO :test_price :Element name = Test.allTheThings() T-Shirt (Red) and price $15.99
2023-07-02 23:00:36,184 :INFO :test_price :Price from main page 15.99 vs, price on item page $15.99
2023-07-02 23:00:36,184 :INFO :test_price :Price from main page 15.99 vs, price on item page $15.99
2023-07-02 23:00:36,184 :INFO :test_price :Price from main page 15.99 vs, price on item page $15.99
2023-07-02 23:00:36,184 :INFO :test_price :Price from main page 15.99 vs, price on item page $15.99
2023-07-02 23:00:36,196 :INFO :test_price :Price sum 129.94 == sum_list price 129.94
2023-07-02 23:00:36,196 :INFO :test_price :Price sum 129.94 == sum_list price 129.94
2023-07-02 23:00:36,196 :INFO :test_price :Price sum 129.94 == sum_list price 129.94
2023-07-02 23:00:36,196 :INFO :test_price :Price sum 129.94 == sum_list price 129.94
